2025-08-04 18:41:51 error: [InvalidArgumentException] There was a problem connecting to the database: SQLSTATE[HY000] [2002] No connection could be made because the target machine actively refused it in C:\xampp\htdocs\nikcms\vendor\robmorgan\phinx\src\Phinx\Db\Adapter\PdoAdapter.php on line 98
Stack Trace:
- C:\xampp\htdocs\nikcms\vendor\robmorgan\phinx\src\Phinx\Db\Adapter\MysqlAdapter.php:158
- C:\xampp\htdocs\nikcms\vendor\robmorgan\phinx\src\Phinx\Db\Adapter\PdoAdapter.php:163
- C:\xampp\htdocs\nikcms\vendor\robmorgan\phinx\src\Phinx\Db\Adapter\AdapterWrapper.php:469
- C:\xampp\htdocs\nikcms\vendor\cakephp\migrations\src\CakeAdapter.php:51
- C:\xampp\htdocs\nikcms\vendor\cakephp\migrations\src\Command\Phinx\CommandTrait.php:83
- C:\xampp\htdocs\nikcms\vendor\robmorgan\phinx\src\Phinx\Console\Command\Migrate.php:64
- C:\xampp\htdocs\nikcms\vendor\cakephp\migrations\src\Command\Phinx\CommandTrait.php:37
- C:\xampp\htdocs\nikcms\vendor\cakephp\migrations\src\Command\Phinx\Migrate.php:85
- C:\xampp\htdocs\nikcms\vendor\symfony\console\Command\Command.php:298
- C:\xampp\htdocs\nikcms\vendor\symfony\console\Application.php:1040
- C:\xampp\htdocs\nikcms\vendor\symfony\console\Application.php:301
- C:\xampp\htdocs\nikcms\vendor\symfony\console\Application.php:171
- C:\xampp\htdocs\nikcms\vendor\cakephp\migrations\src\Command\MigrationsCommand.php:126
- C:\xampp\htdocs\nikcms\vendor\cakephp\cakephp\src\Console\BaseCommand.php:190
- C:\xampp\htdocs\nikcms\vendor\cakephp\migrations\src\Command\MigrationsCommand.php:198
- C:\xampp\htdocs\nikcms\vendor\cakephp\cakephp\src\Console\CommandRunner.php:334
- C:\xampp\htdocs\nikcms\vendor\cakephp\cakephp\src\Console\CommandRunner.php:172
- C:\xampp\htdocs\nikcms\bin\cake.php:12
- [main]:

Caused by: [PDOException] SQLSTATE[HY000] [2002] No connection could be made because the target machine actively refused it in C:\xampp\htdocs\nikcms\vendor\robmorgan\phinx\src\Phinx\Db\Adapter\PdoAdapter.php on line 86
Stack Trace:
- C:\xampp\htdocs\nikcms\vendor\robmorgan\phinx\src\Phinx\Db\Adapter\PdoAdapter.php:86
- C:\xampp\htdocs\nikcms\vendor\robmorgan\phinx\src\Phinx\Db\Adapter\MysqlAdapter.php:158
- C:\xampp\htdocs\nikcms\vendor\robmorgan\phinx\src\Phinx\Db\Adapter\PdoAdapter.php:163
- C:\xampp\htdocs\nikcms\vendor\robmorgan\phinx\src\Phinx\Db\Adapter\AdapterWrapper.php:469
- C:\xampp\htdocs\nikcms\vendor\cakephp\migrations\src\CakeAdapter.php:51
- C:\xampp\htdocs\nikcms\vendor\cakephp\migrations\src\Command\Phinx\CommandTrait.php:83
- C:\xampp\htdocs\nikcms\vendor\robmorgan\phinx\src\Phinx\Console\Command\Migrate.php:64
- C:\xampp\htdocs\nikcms\vendor\cakephp\migrations\src\Command\Phinx\CommandTrait.php:37
- C:\xampp\htdocs\nikcms\vendor\cakephp\migrations\src\Command\Phinx\Migrate.php:85
- C:\xampp\htdocs\nikcms\vendor\symfony\console\Command\Command.php:298
- C:\xampp\htdocs\nikcms\vendor\symfony\console\Application.php:1040
- C:\xampp\htdocs\nikcms\vendor\symfony\console\Application.php:301
- C:\xampp\htdocs\nikcms\vendor\symfony\console\Application.php:171
- C:\xampp\htdocs\nikcms\vendor\cakephp\migrations\src\Command\MigrationsCommand.php:126
- C:\xampp\htdocs\nikcms\vendor\cakephp\cakephp\src\Console\BaseCommand.php:190
- C:\xampp\htdocs\nikcms\vendor\cakephp\migrations\src\Command\MigrationsCommand.php:198
- C:\xampp\htdocs\nikcms\vendor\cakephp\cakephp\src\Console\CommandRunner.php:334
- C:\xampp\htdocs\nikcms\vendor\cakephp\cakephp\src\Console\CommandRunner.php:172
- C:\xampp\htdocs\nikcms\bin\cake.php:12
- [main]:

