2025-05-31 21:43:55 notice: Undefined property: HomeController::$Users in C:\xampp\htdocs\nikcms\plugins\Userslogs\src\Controller\HomeController.php on line 32
Request URL: /admin/userslogs/home/index/32
Referer URL: http://localhost/nikcms/admin/users
Trace:
C:\xampp\htdocs\nikcms\vendor\cakephp\cakephp\src\Controller\Controller.php C:\xampp\htdocs\nikcms\vendor\cakephp\cakephp\src\Controller\Controller.php, line 342
Cake\Controller\Controller->__get() C:\xampp\htdocs\nikcms\plugins\Userslogs\src\Controller\HomeController.php, line 32
Userslogs\Controller\HomeController->index() C:\xampp\htdocs\nikcms\vendor\cakephp\cakephp\src\Controller\Controller.php, line 560
Cake\Controller\Controller->invokeAction() C:\xampp\htdocs\nikcms\vendor\cakephp\cakephp\src\Controller\ControllerFactory.php, line 140
Cake\Controller\ControllerFactory->handle() C:\xampp\htdocs\nikcms\vendor\cakephp\cakephp\src\Controller\ControllerFactory.php, line 115
Cake\Controller\ControllerFactory->invoke() C:\xampp\htdocs\nikcms\vendor\cakephp\cakephp\src\Http\BaseApplication.php, line 325
Cake\Http\BaseApplication->handle() C:\xampp\htdocs\nikcms\vendor\cakephp\cakephp\src\Http\Runner.php, line 86
Cake\Http\Runner->handle() C:\xampp\htdocs\nikcms\vendor\cakephp\authentication\src\Middleware\AuthenticationMiddleware.php, line 145
Authentication\Middleware\AuthenticationMiddleware->process() C:\xampp\htdocs\nikcms\vendor\cakephp\cakephp\src\Http\Runner.php, line 82
Cake\Http\Runner->handle() C:\xampp\htdocs\nikcms\vendor\cakephp\cakephp\src\Http\Middleware\CsrfProtectionMiddleware.php, line 176
Cake\Http\Middleware\CsrfProtectionMiddleware->process() C:\xampp\htdocs\nikcms\vendor\cakephp\cakephp\src\Http\Runner.php, line 82
Cake\Http\Runner->handle() C:\xampp\htdocs\nikcms\vendor\cakephp\cakephp\src\Http\Middleware\BodyParserMiddleware.php, line 157
Cake\Http\Middleware\BodyParserMiddleware->process() C:\xampp\htdocs\nikcms\vendor\cakephp\cakephp\src\Http\Runner.php, line 82
Cake\Http\Runner->handle() C:\xampp\htdocs\nikcms\vendor\cakephp\cakephp\src\Routing\Middleware\RoutingMiddleware.php, line 189
Cake\Routing\Middleware\RoutingMiddleware->process() C:\xampp\htdocs\nikcms\vendor\cakephp\cakephp\src\Http\Runner.php, line 82
Cake\Http\Runner->handle() C:\xampp\htdocs\nikcms\vendor\cakephp\cakephp\src\Routing\Middleware\AssetMiddleware.php, line 68
Cake\Routing\Middleware\AssetMiddleware->process() C:\xampp\htdocs\nikcms\vendor\cakephp\cakephp\src\Http\Runner.php, line 82
Cake\Http\Runner->handle() C:\xampp\htdocs\nikcms\vendor\cakephp\cakephp\src\Error\Middleware\ErrorHandlerMiddleware.php, line 149
Cake\Error\Middleware\ErrorHandlerMiddleware->process() C:\xampp\htdocs\nikcms\vendor\cakephp\cakephp\src\Http\Runner.php, line 82
Cake\Http\Runner->handle() C:\xampp\htdocs\nikcms\vendor\cakephp\debug_kit\src\Middleware\DebugKitMiddleware.php, line 60
DebugKit\Middleware\DebugKitMiddleware->process() C:\xampp\htdocs\nikcms\vendor\cakephp\cakephp\src\Http\Runner.php, line 82
Cake\Http\Runner->handle() C:\xampp\htdocs\nikcms\vendor\cakephp\cakephp\src\Http\Runner.php, line 67
Cake\Http\Runner->run() C:\xampp\htdocs\nikcms\vendor\cakephp\cakephp\src\Http\Server.php, line 99
Cake\Http\Server->run() C:\xampp\htdocs\nikcms\webroot\index.php, line 40
[main]

2025-05-31 21:43:56 notice: Undefined property: HomeController::$Users in C:\xampp\htdocs\nikcms\plugins\Userslogs\src\Controller\HomeController.php on line 32
Request URL: /admin/userslogs/home/index/32
Referer URL: http://localhost/nikcms/admin/users
Trace:
C:\xampp\htdocs\nikcms\vendor\cakephp\cakephp\src\Controller\Controller.php C:\xampp\htdocs\nikcms\vendor\cakephp\cakephp\src\Controller\Controller.php, line 342
Cake\Controller\Controller->__get() C:\xampp\htdocs\nikcms\plugins\Userslogs\src\Controller\HomeController.php, line 32
Userslogs\Controller\HomeController->index() C:\xampp\htdocs\nikcms\vendor\cakephp\cakephp\src\Controller\Controller.php, line 560
Cake\Controller\Controller->invokeAction() C:\xampp\htdocs\nikcms\vendor\cakephp\cakephp\src\Controller\ControllerFactory.php, line 140
Cake\Controller\ControllerFactory->handle() C:\xampp\htdocs\nikcms\vendor\cakephp\cakephp\src\Controller\ControllerFactory.php, line 115
Cake\Controller\ControllerFactory->invoke() C:\xampp\htdocs\nikcms\vendor\cakephp\cakephp\src\Http\BaseApplication.php, line 325
Cake\Http\BaseApplication->handle() C:\xampp\htdocs\nikcms\vendor\cakephp\cakephp\src\Http\Runner.php, line 86
Cake\Http\Runner->handle() C:\xampp\htdocs\nikcms\vendor\cakephp\authentication\src\Middleware\AuthenticationMiddleware.php, line 145
Authentication\Middleware\AuthenticationMiddleware->process() C:\xampp\htdocs\nikcms\vendor\cakephp\cakephp\src\Http\Runner.php, line 82
Cake\Http\Runner->handle() C:\xampp\htdocs\nikcms\vendor\cakephp\cakephp\src\Http\Middleware\CsrfProtectionMiddleware.php, line 176
Cake\Http\Middleware\CsrfProtectionMiddleware->process() C:\xampp\htdocs\nikcms\vendor\cakephp\cakephp\src\Http\Runner.php, line 82
Cake\Http\Runner->handle() C:\xampp\htdocs\nikcms\vendor\cakephp\cakephp\src\Http\Middleware\BodyParserMiddleware.php, line 157
Cake\Http\Middleware\BodyParserMiddleware->process() C:\xampp\htdocs\nikcms\vendor\cakephp\cakephp\src\Http\Runner.php, line 82
Cake\Http\Runner->handle() C:\xampp\htdocs\nikcms\vendor\cakephp\cakephp\src\Routing\Middleware\RoutingMiddleware.php, line 189
Cake\Routing\Middleware\RoutingMiddleware->process() C:\xampp\htdocs\nikcms\vendor\cakephp\cakephp\src\Http\Runner.php, line 82
Cake\Http\Runner->handle() C:\xampp\htdocs\nikcms\vendor\cakephp\cakephp\src\Routing\Middleware\AssetMiddleware.php, line 68
Cake\Routing\Middleware\AssetMiddleware->process() C:\xampp\htdocs\nikcms\vendor\cakephp\cakephp\src\Http\Runner.php, line 82
Cake\Http\Runner->handle() C:\xampp\htdocs\nikcms\vendor\cakephp\cakephp\src\Error\Middleware\ErrorHandlerMiddleware.php, line 149
Cake\Error\Middleware\ErrorHandlerMiddleware->process() C:\xampp\htdocs\nikcms\vendor\cakephp\cakephp\src\Http\Runner.php, line 82
Cake\Http\Runner->handle() C:\xampp\htdocs\nikcms\vendor\cakephp\debug_kit\src\Middleware\DebugKitMiddleware.php, line 60
DebugKit\Middleware\DebugKitMiddleware->process() C:\xampp\htdocs\nikcms\vendor\cakephp\cakephp\src\Http\Runner.php, line 82
Cake\Http\Runner->handle() C:\xampp\htdocs\nikcms\vendor\cakephp\cakephp\src\Http\Runner.php, line 67
Cake\Http\Runner->run() C:\xampp\htdocs\nikcms\vendor\cakephp\cakephp\src\Http\Server.php, line 99
Cake\Http\Server->run() C:\xampp\htdocs\nikcms\webroot\index.php, line 40
[main]

2025-05-31 21:49:21 debug: {"role3":"1"}
2025-05-31 21:49:23 debug: {"role3":"0"}
2025-05-31 21:50:19 notice: strtolower(): Passing null to parameter #1 ($string) of type string is deprecated
Request URL: /admin/themes/menu
Referer URL: http://localhost/nikcms/admin/widget
Trace:
C:\xampp\htdocs\nikcms\plugins\Admin\src\Controller\ThemesController.php C:\xampp\htdocs\nikcms\plugins\Admin\src\Controller\ThemesController.php, line 109
Admin\Controller\ThemesController->menu() C:\xampp\htdocs\nikcms\vendor\cakephp\cakephp\src\Controller\Controller.php, line 560
Cake\Controller\Controller->invokeAction() C:\xampp\htdocs\nikcms\vendor\cakephp\cakephp\src\Controller\ControllerFactory.php, line 140
Cake\Controller\ControllerFactory->handle() C:\xampp\htdocs\nikcms\vendor\cakephp\cakephp\src\Controller\ControllerFactory.php, line 115
Cake\Controller\ControllerFactory->invoke() C:\xampp\htdocs\nikcms\vendor\cakephp\cakephp\src\Http\BaseApplication.php, line 325
Cake\Http\BaseApplication->handle() C:\xampp\htdocs\nikcms\vendor\cakephp\cakephp\src\Http\Runner.php, line 86
Cake\Http\Runner->handle() C:\xampp\htdocs\nikcms\vendor\cakephp\authentication\src\Middleware\AuthenticationMiddleware.php, line 145
Authentication\Middleware\AuthenticationMiddleware->process() C:\xampp\htdocs\nikcms\vendor\cakephp\cakephp\src\Http\Runner.php, line 82
Cake\Http\Runner->handle() C:\xampp\htdocs\nikcms\vendor\cakephp\cakephp\src\Http\Middleware\CsrfProtectionMiddleware.php, line 176
Cake\Http\Middleware\CsrfProtectionMiddleware->process() C:\xampp\htdocs\nikcms\vendor\cakephp\cakephp\src\Http\Runner.php, line 82
Cake\Http\Runner->handle() C:\xampp\htdocs\nikcms\vendor\cakephp\cakephp\src\Http\Middleware\BodyParserMiddleware.php, line 157
Cake\Http\Middleware\BodyParserMiddleware->process() C:\xampp\htdocs\nikcms\vendor\cakephp\cakephp\src\Http\Runner.php, line 82
Cake\Http\Runner->handle() C:\xampp\htdocs\nikcms\vendor\cakephp\cakephp\src\Routing\Middleware\RoutingMiddleware.php, line 189
Cake\Routing\Middleware\RoutingMiddleware->process() C:\xampp\htdocs\nikcms\vendor\cakephp\cakephp\src\Http\Runner.php, line 82
Cake\Http\Runner->handle() C:\xampp\htdocs\nikcms\vendor\cakephp\cakephp\src\Routing\Middleware\AssetMiddleware.php, line 68
Cake\Routing\Middleware\AssetMiddleware->process() C:\xampp\htdocs\nikcms\vendor\cakephp\cakephp\src\Http\Runner.php, line 82
Cake\Http\Runner->handle() C:\xampp\htdocs\nikcms\vendor\cakephp\cakephp\src\Error\Middleware\ErrorHandlerMiddleware.php, line 149
Cake\Error\Middleware\ErrorHandlerMiddleware->process() C:\xampp\htdocs\nikcms\vendor\cakephp\cakephp\src\Http\Runner.php, line 82
Cake\Http\Runner->handle() C:\xampp\htdocs\nikcms\vendor\cakephp\debug_kit\src\Middleware\DebugKitMiddleware.php, line 60
DebugKit\Middleware\DebugKitMiddleware->process() C:\xampp\htdocs\nikcms\vendor\cakephp\cakephp\src\Http\Runner.php, line 82
Cake\Http\Runner->handle() C:\xampp\htdocs\nikcms\vendor\cakephp\cakephp\src\Http\Runner.php, line 67
Cake\Http\Runner->run() C:\xampp\htdocs\nikcms\vendor\cakephp\cakephp\src\Http\Server.php, line 99
Cake\Http\Server->run() C:\xampp\htdocs\nikcms\webroot\index.php, line 40
[main]

2025-05-31 21:50:22 notice: strtolower(): Passing null to parameter #1 ($string) of type string is deprecated
Request URL: /admin/themes/menu
Referer URL: http://localhost/nikcms/admin/themes/menu
Trace:
C:\xampp\htdocs\nikcms\plugins\Admin\src\Controller\ThemesController.php C:\xampp\htdocs\nikcms\plugins\Admin\src\Controller\ThemesController.php, line 93
Admin\Controller\ThemesController->menu() C:\xampp\htdocs\nikcms\vendor\cakephp\cakephp\src\Controller\Controller.php, line 560
Cake\Controller\Controller->invokeAction() C:\xampp\htdocs\nikcms\vendor\cakephp\cakephp\src\Controller\ControllerFactory.php, line 140
Cake\Controller\ControllerFactory->handle() C:\xampp\htdocs\nikcms\vendor\cakephp\cakephp\src\Controller\ControllerFactory.php, line 115
Cake\Controller\ControllerFactory->invoke() C:\xampp\htdocs\nikcms\vendor\cakephp\cakephp\src\Http\BaseApplication.php, line 325
Cake\Http\BaseApplication->handle() C:\xampp\htdocs\nikcms\vendor\cakephp\cakephp\src\Http\Runner.php, line 86
Cake\Http\Runner->handle() C:\xampp\htdocs\nikcms\vendor\cakephp\authentication\src\Middleware\AuthenticationMiddleware.php, line 145
Authentication\Middleware\AuthenticationMiddleware->process() C:\xampp\htdocs\nikcms\vendor\cakephp\cakephp\src\Http\Runner.php, line 82
Cake\Http\Runner->handle() C:\xampp\htdocs\nikcms\vendor\cakephp\cakephp\src\Http\Middleware\CsrfProtectionMiddleware.php, line 176
Cake\Http\Middleware\CsrfProtectionMiddleware->process() C:\xampp\htdocs\nikcms\vendor\cakephp\cakephp\src\Http\Runner.php, line 82
Cake\Http\Runner->handle() C:\xampp\htdocs\nikcms\vendor\cakephp\cakephp\src\Http\Middleware\BodyParserMiddleware.php, line 162
Cake\Http\Middleware\BodyParserMiddleware->process() C:\xampp\htdocs\nikcms\vendor\cakephp\cakephp\src\Http\Runner.php, line 82
Cake\Http\Runner->handle() C:\xampp\htdocs\nikcms\vendor\cakephp\cakephp\src\Routing\Middleware\RoutingMiddleware.php, line 189
Cake\Routing\Middleware\RoutingMiddleware->process() C:\xampp\htdocs\nikcms\vendor\cakephp\cakephp\src\Http\Runner.php, line 82
Cake\Http\Runner->handle() C:\xampp\htdocs\nikcms\vendor\cakephp\cakephp\src\Routing\Middleware\AssetMiddleware.php, line 68
Cake\Routing\Middleware\AssetMiddleware->process() C:\xampp\htdocs\nikcms\vendor\cakephp\cakephp\src\Http\Runner.php, line 82
Cake\Http\Runner->handle() C:\xampp\htdocs\nikcms\vendor\cakephp\cakephp\src\Error\Middleware\ErrorHandlerMiddleware.php, line 149
Cake\Error\Middleware\ErrorHandlerMiddleware->process() C:\xampp\htdocs\nikcms\vendor\cakephp\cakephp\src\Http\Runner.php, line 82
Cake\Http\Runner->handle() C:\xampp\htdocs\nikcms\vendor\cakephp\debug_kit\src\Middleware\DebugKitMiddleware.php, line 60
DebugKit\Middleware\DebugKitMiddleware->process() C:\xampp\htdocs\nikcms\vendor\cakephp\cakephp\src\Http\Runner.php, line 82
Cake\Http\Runner->handle() C:\xampp\htdocs\nikcms\vendor\cakephp\cakephp\src\Http\Runner.php, line 67
Cake\Http\Runner->run() C:\xampp\htdocs\nikcms\vendor\cakephp\cakephp\src\Http\Server.php, line 99
Cake\Http\Server->run() C:\xampp\htdocs\nikcms\webroot\index.php, line 40
[main]

2025-05-31 21:50:22 notice: strtolower(): Passing null to parameter #1 ($string) of type string is deprecated
Request URL: /admin/themes/menu
Referer URL: http://localhost/nikcms/admin/themes/menu
Trace:
C:\xampp\htdocs\nikcms\plugins\Admin\src\Controller\ThemesController.php C:\xampp\htdocs\nikcms\plugins\Admin\src\Controller\ThemesController.php, line 99
Admin\Controller\ThemesController->menu() C:\xampp\htdocs\nikcms\vendor\cakephp\cakephp\src\Controller\Controller.php, line 560
Cake\Controller\Controller->invokeAction() C:\xampp\htdocs\nikcms\vendor\cakephp\cakephp\src\Controller\ControllerFactory.php, line 140
Cake\Controller\ControllerFactory->handle() C:\xampp\htdocs\nikcms\vendor\cakephp\cakephp\src\Controller\ControllerFactory.php, line 115
Cake\Controller\ControllerFactory->invoke() C:\xampp\htdocs\nikcms\vendor\cakephp\cakephp\src\Http\BaseApplication.php, line 325
Cake\Http\BaseApplication->handle() C:\xampp\htdocs\nikcms\vendor\cakephp\cakephp\src\Http\Runner.php, line 86
Cake\Http\Runner->handle() C:\xampp\htdocs\nikcms\vendor\cakephp\authentication\src\Middleware\AuthenticationMiddleware.php, line 145
Authentication\Middleware\AuthenticationMiddleware->process() C:\xampp\htdocs\nikcms\vendor\cakephp\cakephp\src\Http\Runner.php, line 82
Cake\Http\Runner->handle() C:\xampp\htdocs\nikcms\vendor\cakephp\cakephp\src\Http\Middleware\CsrfProtectionMiddleware.php, line 176
Cake\Http\Middleware\CsrfProtectionMiddleware->process() C:\xampp\htdocs\nikcms\vendor\cakephp\cakephp\src\Http\Runner.php, line 82
Cake\Http\Runner->handle() C:\xampp\htdocs\nikcms\vendor\cakephp\cakephp\src\Http\Middleware\BodyParserMiddleware.php, line 162
Cake\Http\Middleware\BodyParserMiddleware->process() C:\xampp\htdocs\nikcms\vendor\cakephp\cakephp\src\Http\Runner.php, line 82
Cake\Http\Runner->handle() C:\xampp\htdocs\nikcms\vendor\cakephp\cakephp\src\Routing\Middleware\RoutingMiddleware.php, line 189
Cake\Routing\Middleware\RoutingMiddleware->process() C:\xampp\htdocs\nikcms\vendor\cakephp\cakephp\src\Http\Runner.php, line 82
Cake\Http\Runner->handle() C:\xampp\htdocs\nikcms\vendor\cakephp\cakephp\src\Routing\Middleware\AssetMiddleware.php, line 68
Cake\Routing\Middleware\AssetMiddleware->process() C:\xampp\htdocs\nikcms\vendor\cakephp\cakephp\src\Http\Runner.php, line 82
Cake\Http\Runner->handle() C:\xampp\htdocs\nikcms\vendor\cakephp\cakephp\src\Error\Middleware\ErrorHandlerMiddleware.php, line 149
Cake\Error\Middleware\ErrorHandlerMiddleware->process() C:\xampp\htdocs\nikcms\vendor\cakephp\cakephp\src\Http\Runner.php, line 82
Cake\Http\Runner->handle() C:\xampp\htdocs\nikcms\vendor\cakephp\debug_kit\src\Middleware\DebugKitMiddleware.php, line 60
DebugKit\Middleware\DebugKitMiddleware->process() C:\xampp\htdocs\nikcms\vendor\cakephp\cakephp\src\Http\Runner.php, line 82
Cake\Http\Runner->handle() C:\xampp\htdocs\nikcms\vendor\cakephp\cakephp\src\Http\Runner.php, line 67
Cake\Http\Runner->run() C:\xampp\htdocs\nikcms\vendor\cakephp\cakephp\src\Http\Server.php, line 99
Cake\Http\Server->run() C:\xampp\htdocs\nikcms\webroot\index.php, line 40
[main]

2025-05-31 21:50:22 notice: strtolower(): Passing null to parameter #1 ($string) of type string is deprecated
Request URL: /admin/themes/menu
Referer URL: http://localhost/nikcms/admin/themes/menu
Trace:
C:\xampp\htdocs\nikcms\plugins\Admin\src\Controller\ThemesController.php C:\xampp\htdocs\nikcms\plugins\Admin\src\Controller\ThemesController.php, line 109
Admin\Controller\ThemesController->menu() C:\xampp\htdocs\nikcms\vendor\cakephp\cakephp\src\Controller\Controller.php, line 560
Cake\Controller\Controller->invokeAction() C:\xampp\htdocs\nikcms\vendor\cakephp\cakephp\src\Controller\ControllerFactory.php, line 140
Cake\Controller\ControllerFactory->handle() C:\xampp\htdocs\nikcms\vendor\cakephp\cakephp\src\Controller\ControllerFactory.php, line 115
Cake\Controller\ControllerFactory->invoke() C:\xampp\htdocs\nikcms\vendor\cakephp\cakephp\src\Http\BaseApplication.php, line 325
Cake\Http\BaseApplication->handle() C:\xampp\htdocs\nikcms\vendor\cakephp\cakephp\src\Http\Runner.php, line 86
Cake\Http\Runner->handle() C:\xampp\htdocs\nikcms\vendor\cakephp\authentication\src\Middleware\AuthenticationMiddleware.php, line 145
Authentication\Middleware\AuthenticationMiddleware->process() C:\xampp\htdocs\nikcms\vendor\cakephp\cakephp\src\Http\Runner.php, line 82
Cake\Http\Runner->handle() C:\xampp\htdocs\nikcms\vendor\cakephp\cakephp\src\Http\Middleware\CsrfProtectionMiddleware.php, line 176
Cake\Http\Middleware\CsrfProtectionMiddleware->process() C:\xampp\htdocs\nikcms\vendor\cakephp\cakephp\src\Http\Runner.php, line 82
Cake\Http\Runner->handle() C:\xampp\htdocs\nikcms\vendor\cakephp\cakephp\src\Http\Middleware\BodyParserMiddleware.php, line 157
Cake\Http\Middleware\BodyParserMiddleware->process() C:\xampp\htdocs\nikcms\vendor\cakephp\cakephp\src\Http\Runner.php, line 82
Cake\Http\Runner->handle() C:\xampp\htdocs\nikcms\vendor\cakephp\cakephp\src\Routing\Middleware\RoutingMiddleware.php, line 189
Cake\Routing\Middleware\RoutingMiddleware->process() C:\xampp\htdocs\nikcms\vendor\cakephp\cakephp\src\Http\Runner.php, line 82
Cake\Http\Runner->handle() C:\xampp\htdocs\nikcms\vendor\cakephp\cakephp\src\Routing\Middleware\AssetMiddleware.php, line 68
Cake\Routing\Middleware\AssetMiddleware->process() C:\xampp\htdocs\nikcms\vendor\cakephp\cakephp\src\Http\Runner.php, line 82
Cake\Http\Runner->handle() C:\xampp\htdocs\nikcms\vendor\cakephp\cakephp\src\Error\Middleware\ErrorHandlerMiddleware.php, line 149
Cake\Error\Middleware\ErrorHandlerMiddleware->process() C:\xampp\htdocs\nikcms\vendor\cakephp\cakephp\src\Http\Runner.php, line 82
Cake\Http\Runner->handle() C:\xampp\htdocs\nikcms\vendor\cakephp\debug_kit\src\Middleware\DebugKitMiddleware.php, line 60
DebugKit\Middleware\DebugKitMiddleware->process() C:\xampp\htdocs\nikcms\vendor\cakephp\cakephp\src\Http\Runner.php, line 82
Cake\Http\Runner->handle() C:\xampp\htdocs\nikcms\vendor\cakephp\cakephp\src\Http\Runner.php, line 67
Cake\Http\Runner->run() C:\xampp\htdocs\nikcms\vendor\cakephp\cakephp\src\Http\Server.php, line 99
Cake\Http\Server->run() C:\xampp\htdocs\nikcms\webroot\index.php, line 40
[main]

2025-05-31 21:50:29 notice: strtolower(): Passing null to parameter #1 ($string) of type string is deprecated
Request URL: /admin/themes/menu?id=335
Referer URL: http://localhost/nikcms/admin/themes/menu/New
Trace:
C:\xampp\htdocs\nikcms\plugins\Admin\src\Controller\ThemesController.php C:\xampp\htdocs\nikcms\plugins\Admin\src\Controller\ThemesController.php, line 109
Admin\Controller\ThemesController->menu() C:\xampp\htdocs\nikcms\vendor\cakephp\cakephp\src\Controller\Controller.php, line 560
Cake\Controller\Controller->invokeAction() C:\xampp\htdocs\nikcms\vendor\cakephp\cakephp\src\Controller\ControllerFactory.php, line 140
Cake\Controller\ControllerFactory->handle() C:\xampp\htdocs\nikcms\vendor\cakephp\cakephp\src\Controller\ControllerFactory.php, line 115
Cake\Controller\ControllerFactory->invoke() C:\xampp\htdocs\nikcms\vendor\cakephp\cakephp\src\Http\BaseApplication.php, line 325
Cake\Http\BaseApplication->handle() C:\xampp\htdocs\nikcms\vendor\cakephp\cakephp\src\Http\Runner.php, line 86
Cake\Http\Runner->handle() C:\xampp\htdocs\nikcms\vendor\cakephp\authentication\src\Middleware\AuthenticationMiddleware.php, line 145
Authentication\Middleware\AuthenticationMiddleware->process() C:\xampp\htdocs\nikcms\vendor\cakephp\cakephp\src\Http\Runner.php, line 82
Cake\Http\Runner->handle() C:\xampp\htdocs\nikcms\vendor\cakephp\cakephp\src\Http\Middleware\CsrfProtectionMiddleware.php, line 176
Cake\Http\Middleware\CsrfProtectionMiddleware->process() C:\xampp\htdocs\nikcms\vendor\cakephp\cakephp\src\Http\Runner.php, line 82
Cake\Http\Runner->handle() C:\xampp\htdocs\nikcms\vendor\cakephp\cakephp\src\Http\Middleware\BodyParserMiddleware.php, line 157
Cake\Http\Middleware\BodyParserMiddleware->process() C:\xampp\htdocs\nikcms\vendor\cakephp\cakephp\src\Http\Runner.php, line 82
Cake\Http\Runner->handle() C:\xampp\htdocs\nikcms\vendor\cakephp\cakephp\src\Routing\Middleware\RoutingMiddleware.php, line 189
Cake\Routing\Middleware\RoutingMiddleware->process() C:\xampp\htdocs\nikcms\vendor\cakephp\cakephp\src\Http\Runner.php, line 82
Cake\Http\Runner->handle() C:\xampp\htdocs\nikcms\vendor\cakephp\cakephp\src\Routing\Middleware\AssetMiddleware.php, line 68
Cake\Routing\Middleware\AssetMiddleware->process() C:\xampp\htdocs\nikcms\vendor\cakephp\cakephp\src\Http\Runner.php, line 82
Cake\Http\Runner->handle() C:\xampp\htdocs\nikcms\vendor\cakephp\cakephp\src\Error\Middleware\ErrorHandlerMiddleware.php, line 149
Cake\Error\Middleware\ErrorHandlerMiddleware->process() C:\xampp\htdocs\nikcms\vendor\cakephp\cakephp\src\Http\Runner.php, line 82
Cake\Http\Runner->handle() C:\xampp\htdocs\nikcms\vendor\cakephp\debug_kit\src\Middleware\DebugKitMiddleware.php, line 60
DebugKit\Middleware\DebugKitMiddleware->process() C:\xampp\htdocs\nikcms\vendor\cakephp\cakephp\src\Http\Runner.php, line 82
Cake\Http\Runner->handle() C:\xampp\htdocs\nikcms\vendor\cakephp\cakephp\src\Http\Runner.php, line 67
Cake\Http\Runner->run() C:\xampp\htdocs\nikcms\vendor\cakephp\cakephp\src\Http\Server.php, line 99
Cake\Http\Server->run() C:\xampp\htdocs\nikcms\webroot\index.php, line 40
[main]

2025-05-31 21:55:36 debug: {"setting_tadbir":{"hsite":{"header_logow":"111","topmenu":"","index_topic_img":"","bx1_title":"","bx1_title2":"","b1_desc":"","b1_linkt":"","b1_link":"","b2_linkt":"","b2_link":"","bx1_sltitle0":"","bx1_sldesc0":"","bx1_slimg0":"","bx1_sllink0":"","bx1_sltitle1":"","bx1_sldesc1":"","bx1_slimg1":"","bx1_sllink1":"","bx1_sltitle2":"","bx1_sldesc2":"","bx1_slimg2":"","bx1_sllink2":"","bx1_sltitle3":"","bx1_sldesc3":"","bx1_slimg3":"","bx1_sllink3":"","bx1_sltitle4":"","bx1_sldesc4":"","bx1_slimg4":"","bx1_sllink4":"","bx1_sltitle5":"","bx1_sldesc5":"","bx1_slimg5":"","bx1_sllink5":"","bx1_sltitle6":"","bx1_sldesc6":"","bx1_slimg6":"","bx1_sllink6":"","bx1_sltitle7":"","bx1_sldesc7":"","bx1_slimg7":"","bx1_sllink7":"","bx1_sltitle8":"","bx1_sldesc8":"","bx1_slimg8":"","bx1_sllink8":"","bx1_sltitle9":"","bx1_sldesc9":"","bx1_slimg9":"","bx1_sllink9":"","bx1_sltitle10":"","bx1_sldesc10":"","bx1_slimg10":"","bx1_sllink10":"","bx1_sltitle11":"","bx1_sldesc11":"","bx1_slimg11":"","bx1_sllink11":"","bx1_sltitle12":"","bx1_sldesc12":"","bx1_slimg12":"","bx1_sllink12":"","bx1_sltitle13":"","bx1_sldesc13":"","bx1_slimg13":"","bx1_sllink13":"","bx1_sltitle14":"","bx1_sldesc14":"","bx1_slimg14":"","bx1_sllink14":"","bx2_title":"","bx2_desc":"","bx2_linkt":"","bx2_link":"","bx2_posts":"","bx3_title":"","bx3_desc":"","bx3_linkt":"","bx3_link":"","bxx3_num0":"","bxx3_title0":"","bxx3_desc0":"","bxx3_img0":"","bxx3_img20":"","bxx3_num1":"","bxx3_title1":"","bxx3_desc1":"","bxx3_img1":"","bxx3_img21":"","bxx3_num2":"","bxx3_title2":"","bxx3_desc2":"","bxx3_img2":"","bxx3_img22":"","bxx3_num3":"","bxx3_title3":"","bxx3_desc3":"","bxx3_img3":"","bxx3_img23":"","bxx3_num4":"","bxx3_title4":"","bxx3_desc4":"","bxx3_img4":"","bxx3_img24":"","bxx3_num5":"","bxx3_title5":"","bxx3_desc5":"","bxx3_img5":"","bxx3_img25":"","bxx3_num6":"","bxx3_title6":"","bxx3_desc6":"","bxx3_img6":"","bxx3_img26":"","bxx3_num7":"","bxx3_title7":"","bxx3_desc7":"","bxx3_img7":"","bxx3_img27":"","bxx3_num8":"","bxx3_title8":"","bxx3_desc8":"","bxx3_img8":"","bxx3_img28":"","bxx3_num9":"","bxx3_title9":"","bxx3_desc9":"","bxx3_img9":"","bxx3_img29":"","bxx3_num10":"","bxx3_title10":"","bxx3_desc10":"","bxx3_img10":"","bxx3_img210":"","bxx3_num11":"","bxx3_title11":"","bxx3_desc11":"","bxx3_img11":"","bxx3_img211":"","bxx3_num12":"","bxx3_title12":"","bxx3_desc12":"","bxx3_img12":"","bxx3_img212":"","bxx3_num13":"","bxx3_title13":"","bxx3_desc13":"","bxx3_img13":"","bxx3_img213":"","bxx3_num14":"","bxx3_title14":"","bxx3_desc14":"","bxx3_img14":"","bxx3_img214":"","bx5_title":"","bx5_desc":"","bx5_linkt":"","bx5_link":"","bx5t_tab_title0":"","bx5t_post10":"","bx5t_image10":"","bx5t_posts0":"","bx5t_posts_topic0":"","bx5t_tab_title1":"","bx5t_post11":"","bx5t_image11":"","bx5t_posts1":"","bx5t_posts_topic1":"","bx5t_tab_title2":"","bx5t_post12":"","bx5t_image12":"","bx5t_posts2":"","bx5t_posts_topic2":"","bx5t_tab_title3":"","bx5t_post13":"","bx5t_image13":"","bx5t_posts3":"","bx5t_posts_topic3":"","bx5t_tab_title4":"","bx5t_post14":"","bx5t_image14":"","bx5t_posts4":"","bx5t_posts_topic4":"","bx5t_tab_title5":"","bx5t_post15":"","bx5t_image15":"","bx5t_posts5":"","bx5t_posts_topic5":"","bx5t_tab_title6":"","bx5t_post16":"","bx5t_image16":"","bx5t_posts6":"","bx5t_posts_topic6":"","bx5t_tab_title7":"","bx5t_post17":"","bx5t_image17":"","bx5t_posts7":"","bx5t_posts_topic7":"","bx5t_tab_title8":"","bx5t_post18":"","bx5t_image18":"","bx5t_posts8":"","bx5t_posts_topic8":"","bx5t_tab_title9":"","bx5t_post19":"","bx5t_image19":"","bx5t_posts9":"","bx5t_posts_topic9":"","bx5t_tab_title10":"","bx5t_post110":"","bx5t_image110":"","bx5t_posts10":"","bx5t_posts_topic10":"","bx5t_tab_title11":"","bx5t_post111":"","bx5t_image111":"","bx5t_posts11":"","bx5t_posts_topic11":"","bx5t_tab_title12":"","bx5t_post112":"","bx5t_image112":"","bx5t_posts12":"","bx5t_posts_topic12":"","bx5t_tab_title13":"","bx5t_post113":"","bx5t_image113":"","bx5t_posts13":"","bx5t_posts_topic13":"","bx5t_tab_title14":"","bx5t_post114":"","bx5t_image114":"","bx5t_posts14":"","bx5t_posts_topic14":"","bx6_title1":"","bx6_title2":"","bx6_linkt":"","bx6_link":"","bx6_ttitle1":"","bx6_ttitle2":"","bx6_film":"","bx6_filmc":"","bxx6_title0":"","bxx6_desc0":"","bxx6_image0":"","bxx6_link0":"","bxx6_title1":"","bxx6_desc1":"","bxx6_image1":"","bxx6_link1":"","bxx6_title2":"","bxx6_desc2":"","bxx6_image2":"","bxx6_link2":"","bxx6_title3":"","bxx6_desc3":"","bxx6_image3":"","bxx6_link3":"","bxx6_title4":"","bxx6_desc4":"","bxx6_image4":"","bxx6_link4":"","bxx6_title5":"","bxx6_desc5":"","bxx6_image5":"","bxx6_link5":"","bxx6_title6":"","bxx6_desc6":"","bxx6_image6":"","bxx6_link6":"","bxx6_title7":"","bxx6_desc7":"","bxx6_image7":"","bxx6_link7":"","bxx6_title8":"","bxx6_desc8":"","bxx6_image8":"","bxx6_link8":"","bxx6_title9":"","bxx6_desc9":"","bxx6_image9":"","bxx6_link9":"","bxx6_title10":"","bxx6_desc10":"","bxx6_image10":"","bxx6_link10":"","bxx6_title11":"","bxx6_desc11":"","bxx6_image11":"","bxx6_link11":"","bxx6_title12":"","bxx6_desc12":"","bxx6_image12":"","bxx6_link12":"","bxx6_title13":"","bxx6_desc13":"","bxx6_image13":"","bxx6_link13":"","bxx6_title14":"","bxx6_desc14":"","bxx6_image14":"","bxx6_link14":"","bx7_title":"","bx7_desc":"","bx7_image":"","side_title":"","side_title0":"","side_date0":"","side_img0":"","side_link0":"","side_title1":"","side_date1":"","side_img1":"","side_link1":"","side_title2":"","side_date2":"","side_img2":"","side_link2":"","side_title3":"","side_date3":"","side_img3":"","side_link3":"","side_title4":"","side_date4":"","side_img4":"","side_link4":"","side_title5":"","side_date5":"","side_img5":"","side_link5":"","side_title6":"","side_date6":"","side_img6":"","side_link6":"","side_title7":"","side_date7":"","side_img7":"","side_link7":"","side_title8":"","side_date8":"","side_img8":"","side_link8":"","side_title9":"","side_date9":"","side_img9":"","side_link9":"","side_title10":"","side_date10":"","side_img10":"","side_link10":"","side_title11":"","side_date11":"","side_img11":"","side_link11":"","side_title12":"","side_date12":"","side_img12":"","side_link12":"","side_title13":"","side_date13":"","side_img13":"","side_link13":"","side_title14":"","side_date14":"","side_img14":"","side_link14":"","footer_title1":"","footer_title2":"","footer_desc":"","footer_menut1":"","footer_menu1":"","footer_menut2":"","footer_menu2":"","footer_slide_title0":"","footer_slide_image0":"","footer_slide_title1":"","footer_slide_image1":"","footer_slide_title2":"","footer_slide_image2":"","footer_slide_title3":"","footer_slide_image3":"","footer_slide_title4":"","footer_slide_image4":"","footer_slide_title5":"","footer_slide_image5":"","footer_slide_title6":"","footer_slide_image6":"","footer_slide_title7":"","footer_slide_image7":"","footer_slide_title8":"","footer_slide_image8":"","footer_slide_title9":"","footer_slide_image9":"","footer_slide_title10":"","footer_slide_image10":"","footer_slide_title11":"","footer_slide_image11":"","footer_slide_title12":"","footer_slide_image12":"","footer_slide_title13":"","footer_slide_image13":"","footer_slide_title14":"","footer_slide_image14":"","footer_soc_insta":"","footer_soc_twitt":"","footer_soc_faceb":"","footer_soc_teleg":"","footer_soc_linked":"","footer_soc_aprt":"","morecss":""}}}
2025-05-31 21:55:52 debug: {"setting_tadbir":{"hsite":{"header_logow":"","topmenu":"","index_topic_img":"","bx1_title":"111","bx1_title2":"","b1_desc":"","b1_linkt":"","b1_link":"","b2_linkt":"","b2_link":"","bx1_sltitle0":"","bx1_sldesc0":"","bx1_slimg0":"","bx1_sllink0":"","bx1_sltitle1":"","bx1_sldesc1":"","bx1_slimg1":"","bx1_sllink1":"","bx1_sltitle2":"","bx1_sldesc2":"","bx1_slimg2":"","bx1_sllink2":"","bx1_sltitle3":"","bx1_sldesc3":"","bx1_slimg3":"","bx1_sllink3":"","bx1_sltitle4":"","bx1_sldesc4":"","bx1_slimg4":"","bx1_sllink4":"","bx1_sltitle5":"","bx1_sldesc5":"","bx1_slimg5":"","bx1_sllink5":"","bx1_sltitle6":"","bx1_sldesc6":"","bx1_slimg6":"","bx1_sllink6":"","bx1_sltitle7":"","bx1_sldesc7":"","bx1_slimg7":"","bx1_sllink7":"","bx1_sltitle8":"","bx1_sldesc8":"","bx1_slimg8":"","bx1_sllink8":"","bx1_sltitle9":"","bx1_sldesc9":"","bx1_slimg9":"","bx1_sllink9":"","bx1_sltitle10":"","bx1_sldesc10":"","bx1_slimg10":"","bx1_sllink10":"","bx1_sltitle11":"","bx1_sldesc11":"","bx1_slimg11":"","bx1_sllink11":"","bx1_sltitle12":"","bx1_sldesc12":"","bx1_slimg12":"","bx1_sllink12":"","bx1_sltitle13":"","bx1_sldesc13":"","bx1_slimg13":"","bx1_sllink13":"","bx1_sltitle14":"","bx1_sldesc14":"","bx1_slimg14":"","bx1_sllink14":"","bx2_title":"","bx2_desc":"","bx2_linkt":"","bx2_link":"","bx2_posts":"","bx3_title":"","bx3_desc":"","bx3_linkt":"","bx3_link":"","bxx3_num0":"","bxx3_title0":"","bxx3_desc0":"","bxx3_img0":"","bxx3_img20":"","bxx3_num1":"","bxx3_title1":"","bxx3_desc1":"","bxx3_img1":"","bxx3_img21":"","bxx3_num2":"","bxx3_title2":"","bxx3_desc2":"","bxx3_img2":"","bxx3_img22":"","bxx3_num3":"","bxx3_title3":"","bxx3_desc3":"","bxx3_img3":"","bxx3_img23":"","bxx3_num4":"","bxx3_title4":"","bxx3_desc4":"","bxx3_img4":"","bxx3_img24":"","bxx3_num5":"","bxx3_title5":"","bxx3_desc5":"","bxx3_img5":"","bxx3_img25":"","bxx3_num6":"","bxx3_title6":"","bxx3_desc6":"","bxx3_img6":"","bxx3_img26":"","bxx3_num7":"","bxx3_title7":"","bxx3_desc7":"","bxx3_img7":"","bxx3_img27":"","bxx3_num8":"","bxx3_title8":"","bxx3_desc8":"","bxx3_img8":"","bxx3_img28":"","bxx3_num9":"","bxx3_title9":"","bxx3_desc9":"","bxx3_img9":"","bxx3_img29":"","bxx3_num10":"","bxx3_title10":"","bxx3_desc10":"","bxx3_img10":"","bxx3_img210":"","bxx3_num11":"","bxx3_title11":"","bxx3_desc11":"","bxx3_img11":"","bxx3_img211":"","bxx3_num12":"","bxx3_title12":"","bxx3_desc12":"","bxx3_img12":"","bxx3_img212":"","bxx3_num13":"","bxx3_title13":"","bxx3_desc13":"","bxx3_img13":"","bxx3_img213":"","bxx3_num14":"","bxx3_title14":"","bxx3_desc14":"","bxx3_img14":"","bxx3_img214":"","bx5_title":"","bx5_desc":"","bx5_linkt":"","bx5_link":"","bx5t_tab_title0":"","bx5t_post10":"","bx5t_image10":"","bx5t_posts0":"","bx5t_posts_topic0":"","bx5t_tab_title1":"","bx5t_post11":"","bx5t_image11":"","bx5t_posts1":"","bx5t_posts_topic1":"","bx5t_tab_title2":"","bx5t_post12":"","bx5t_image12":"","bx5t_posts2":"","bx5t_posts_topic2":"","bx5t_tab_title3":"","bx5t_post13":"","bx5t_image13":"","bx5t_posts3":"","bx5t_posts_topic3":"","bx5t_tab_title4":"","bx5t_post14":"","bx5t_image14":"","bx5t_posts4":"","bx5t_posts_topic4":"","bx5t_tab_title5":"","bx5t_post15":"","bx5t_image15":"","bx5t_posts5":"","bx5t_posts_topic5":"","bx5t_tab_title6":"","bx5t_post16":"","bx5t_image16":"","bx5t_posts6":"","bx5t_posts_topic6":"","bx5t_tab_title7":"","bx5t_post17":"","bx5t_image17":"","bx5t_posts7":"","bx5t_posts_topic7":"","bx5t_tab_title8":"","bx5t_post18":"","bx5t_image18":"","bx5t_posts8":"","bx5t_posts_topic8":"","bx5t_tab_title9":"","bx5t_post19":"","bx5t_image19":"","bx5t_posts9":"","bx5t_posts_topic9":"","bx5t_tab_title10":"","bx5t_post110":"","bx5t_image110":"","bx5t_posts10":"","bx5t_posts_topic10":"","bx5t_tab_title11":"","bx5t_post111":"","bx5t_image111":"","bx5t_posts11":"","bx5t_posts_topic11":"","bx5t_tab_title12":"","bx5t_post112":"","bx5t_image112":"","bx5t_posts12":"","bx5t_posts_topic12":"","bx5t_tab_title13":"","bx5t_post113":"","bx5t_image113":"","bx5t_posts13":"","bx5t_posts_topic13":"","bx5t_tab_title14":"","bx5t_post114":"","bx5t_image114":"","bx5t_posts14":"","bx5t_posts_topic14":"","bx6_title1":"","bx6_title2":"","bx6_linkt":"","bx6_link":"","bx6_ttitle1":"","bx6_ttitle2":"","bx6_film":"","bx6_filmc":"","bxx6_title0":"","bxx6_desc0":"","bxx6_image0":"","bxx6_link0":"","bxx6_title1":"","bxx6_desc1":"","bxx6_image1":"","bxx6_link1":"","bxx6_title2":"","bxx6_desc2":"","bxx6_image2":"","bxx6_link2":"","bxx6_title3":"","bxx6_desc3":"","bxx6_image3":"","bxx6_link3":"","bxx6_title4":"","bxx6_desc4":"","bxx6_image4":"","bxx6_link4":"","bxx6_title5":"","bxx6_desc5":"","bxx6_image5":"","bxx6_link5":"","bxx6_title6":"","bxx6_desc6":"","bxx6_image6":"","bxx6_link6":"","bxx6_title7":"","bxx6_desc7":"","bxx6_image7":"","bxx6_link7":"","bxx6_title8":"","bxx6_desc8":"","bxx6_image8":"","bxx6_link8":"","bxx6_title9":"","bxx6_desc9":"","bxx6_image9":"","bxx6_link9":"","bxx6_title10":"","bxx6_desc10":"","bxx6_image10":"","bxx6_link10":"","bxx6_title11":"","bxx6_desc11":"","bxx6_image11":"","bxx6_link11":"","bxx6_title12":"","bxx6_desc12":"","bxx6_image12":"","bxx6_link12":"","bxx6_title13":"","bxx6_desc13":"","bxx6_image13":"","bxx6_link13":"","bxx6_title14":"","bxx6_desc14":"","bxx6_image14":"","bxx6_link14":"","bx7_title":"","bx7_desc":"","bx7_image":"","side_title":"","side_title0":"","side_date0":"","side_img0":"","side_link0":"","side_title1":"","side_date1":"","side_img1":"","side_link1":"","side_title2":"","side_date2":"","side_img2":"","side_link2":"","side_title3":"","side_date3":"","side_img3":"","side_link3":"","side_title4":"","side_date4":"","side_img4":"","side_link4":"","side_title5":"","side_date5":"","side_img5":"","side_link5":"","side_title6":"","side_date6":"","side_img6":"","side_link6":"","side_title7":"","side_date7":"","side_img7":"","side_link7":"","side_title8":"","side_date8":"","side_img8":"","side_link8":"","side_title9":"","side_date9":"","side_img9":"","side_link9":"","side_title10":"","side_date10":"","side_img10":"","side_link10":"","side_title11":"","side_date11":"","side_img11":"","side_link11":"","side_title12":"","side_date12":"","side_img12":"","side_link12":"","side_title13":"","side_date13":"","side_img13":"","side_link13":"","side_title14":"","side_date14":"","side_img14":"","side_link14":"","footer_title1":"","footer_title2":"","footer_desc":"","footer_menut1":"","footer_menu1":"","footer_menut2":"","footer_menu2":"","footer_slide_title0":"","footer_slide_image0":"","footer_slide_title1":"","footer_slide_image1":"","footer_slide_title2":"","footer_slide_image2":"","footer_slide_title3":"","footer_slide_image3":"","footer_slide_title4":"","footer_slide_image4":"","footer_slide_title5":"","footer_slide_image5":"","footer_slide_title6":"","footer_slide_image6":"","footer_slide_title7":"","footer_slide_image7":"","footer_slide_title8":"","footer_slide_image8":"","footer_slide_title9":"","footer_slide_image9":"","footer_slide_title10":"","footer_slide_image10":"","footer_slide_title11":"","footer_slide_image11":"","footer_slide_title12":"","footer_slide_image12":"","footer_slide_title13":"","footer_slide_image13":"","footer_slide_title14":"","footer_slide_image14":"","footer_soc_insta":"","footer_soc_twitt":"","footer_soc_faceb":"","footer_soc_teleg":"","footer_soc_linked":"","footer_soc_aprt":"","morecss":""}}}
2025-05-31 21:56:07 debug: {"setting_tadbir":{"hsite":{"header_logow":"123","topmenu":"335","index_topic_img":"","bx1_title":"111","bx1_title2":"","b1_desc":"","b1_linkt":"","b1_link":"","b2_linkt":"","b2_link":"","bx1_sltitle0":"","bx1_sldesc0":"","bx1_slimg0":"","bx1_sllink0":"","bx1_sltitle1":"","bx1_sldesc1":"","bx1_slimg1":"","bx1_sllink1":"","bx1_sltitle2":"","bx1_sldesc2":"","bx1_slimg2":"","bx1_sllink2":"","bx1_sltitle3":"","bx1_sldesc3":"","bx1_slimg3":"","bx1_sllink3":"","bx1_sltitle4":"","bx1_sldesc4":"","bx1_slimg4":"","bx1_sllink4":"","bx1_sltitle5":"","bx1_sldesc5":"","bx1_slimg5":"","bx1_sllink5":"","bx1_sltitle6":"","bx1_sldesc6":"","bx1_slimg6":"","bx1_sllink6":"","bx1_sltitle7":"","bx1_sldesc7":"","bx1_slimg7":"","bx1_sllink7":"","bx1_sltitle8":"","bx1_sldesc8":"","bx1_slimg8":"","bx1_sllink8":"","bx1_sltitle9":"","bx1_sldesc9":"","bx1_slimg9":"","bx1_sllink9":"","bx1_sltitle10":"","bx1_sldesc10":"","bx1_slimg10":"","bx1_sllink10":"","bx1_sltitle11":"","bx1_sldesc11":"","bx1_slimg11":"","bx1_sllink11":"","bx1_sltitle12":"","bx1_sldesc12":"","bx1_slimg12":"","bx1_sllink12":"","bx1_sltitle13":"","bx1_sldesc13":"","bx1_slimg13":"","bx1_sllink13":"","bx1_sltitle14":"","bx1_sldesc14":"","bx1_slimg14":"","bx1_sllink14":"","bx2_title":"","bx2_desc":"","bx2_linkt":"","bx2_link":"","bx2_posts":"","bx3_title":"","bx3_desc":"","bx3_linkt":"","bx3_link":"","bxx3_num0":"","bxx3_title0":"","bxx3_desc0":"","bxx3_img0":"","bxx3_img20":"","bxx3_num1":"","bxx3_title1":"","bxx3_desc1":"","bxx3_img1":"","bxx3_img21":"","bxx3_num2":"","bxx3_title2":"","bxx3_desc2":"","bxx3_img2":"","bxx3_img22":"","bxx3_num3":"","bxx3_title3":"","bxx3_desc3":"","bxx3_img3":"","bxx3_img23":"","bxx3_num4":"","bxx3_title4":"","bxx3_desc4":"","bxx3_img4":"","bxx3_img24":"","bxx3_num5":"","bxx3_title5":"","bxx3_desc5":"","bxx3_img5":"","bxx3_img25":"","bxx3_num6":"","bxx3_title6":"","bxx3_desc6":"","bxx3_img6":"","bxx3_img26":"","bxx3_num7":"","bxx3_title7":"","bxx3_desc7":"","bxx3_img7":"","bxx3_img27":"","bxx3_num8":"","bxx3_title8":"","bxx3_desc8":"","bxx3_img8":"","bxx3_img28":"","bxx3_num9":"","bxx3_title9":"","bxx3_desc9":"","bxx3_img9":"","bxx3_img29":"","bxx3_num10":"","bxx3_title10":"","bxx3_desc10":"","bxx3_img10":"","bxx3_img210":"","bxx3_num11":"","bxx3_title11":"","bxx3_desc11":"","bxx3_img11":"","bxx3_img211":"","bxx3_num12":"","bxx3_title12":"","bxx3_desc12":"","bxx3_img12":"","bxx3_img212":"","bxx3_num13":"","bxx3_title13":"","bxx3_desc13":"","bxx3_img13":"","bxx3_img213":"","bxx3_num14":"","bxx3_title14":"","bxx3_desc14":"","bxx3_img14":"","bxx3_img214":"","bx5_title":"","bx5_desc":"","bx5_linkt":"","bx5_link":"","bx5t_tab_title0":"","bx5t_post10":"","bx5t_image10":"","bx5t_posts0":"","bx5t_posts_topic0":"","bx5t_tab_title1":"","bx5t_post11":"","bx5t_image11":"","bx5t_posts1":"","bx5t_posts_topic1":"","bx5t_tab_title2":"","bx5t_post12":"","bx5t_image12":"","bx5t_posts2":"","bx5t_posts_topic2":"","bx5t_tab_title3":"","bx5t_post13":"","bx5t_image13":"","bx5t_posts3":"","bx5t_posts_topic3":"","bx5t_tab_title4":"","bx5t_post14":"","bx5t_image14":"","bx5t_posts4":"","bx5t_posts_topic4":"","bx5t_tab_title5":"","bx5t_post15":"","bx5t_image15":"","bx5t_posts5":"","bx5t_posts_topic5":"","bx5t_tab_title6":"","bx5t_post16":"","bx5t_image16":"","bx5t_posts6":"","bx5t_posts_topic6":"","bx5t_tab_title7":"","bx5t_post17":"","bx5t_image17":"","bx5t_posts7":"","bx5t_posts_topic7":"","bx5t_tab_title8":"","bx5t_post18":"","bx5t_image18":"","bx5t_posts8":"","bx5t_posts_topic8":"","bx5t_tab_title9":"","bx5t_post19":"","bx5t_image19":"","bx5t_posts9":"","bx5t_posts_topic9":"","bx5t_tab_title10":"","bx5t_post110":"","bx5t_image110":"","bx5t_posts10":"","bx5t_posts_topic10":"","bx5t_tab_title11":"","bx5t_post111":"","bx5t_image111":"","bx5t_posts11":"","bx5t_posts_topic11":"","bx5t_tab_title12":"","bx5t_post112":"","bx5t_image112":"","bx5t_posts12":"","bx5t_posts_topic12":"","bx5t_tab_title13":"","bx5t_post113":"","bx5t_image113":"","bx5t_posts13":"","bx5t_posts_topic13":"","bx5t_tab_title14":"","bx5t_post114":"","bx5t_image114":"","bx5t_posts14":"","bx5t_posts_topic14":"","bx6_title1":"","bx6_title2":"","bx6_linkt":"","bx6_link":"","bx6_ttitle1":"","bx6_ttitle2":"","bx6_film":"","bx6_filmc":"","bxx6_title0":"","bxx6_desc0":"","bxx6_image0":"","bxx6_link0":"","bxx6_title1":"","bxx6_desc1":"","bxx6_image1":"","bxx6_link1":"","bxx6_title2":"","bxx6_desc2":"","bxx6_image2":"","bxx6_link2":"","bxx6_title3":"","bxx6_desc3":"","bxx6_image3":"","bxx6_link3":"","bxx6_title4":"","bxx6_desc4":"","bxx6_image4":"","bxx6_link4":"","bxx6_title5":"","bxx6_desc5":"","bxx6_image5":"","bxx6_link5":"","bxx6_title6":"","bxx6_desc6":"","bxx6_image6":"","bxx6_link6":"","bxx6_title7":"","bxx6_desc7":"","bxx6_image7":"","bxx6_link7":"","bxx6_title8":"","bxx6_desc8":"","bxx6_image8":"","bxx6_link8":"","bxx6_title9":"","bxx6_desc9":"","bxx6_image9":"","bxx6_link9":"","bxx6_title10":"","bxx6_desc10":"","bxx6_image10":"","bxx6_link10":"","bxx6_title11":"","bxx6_desc11":"","bxx6_image11":"","bxx6_link11":"","bxx6_title12":"","bxx6_desc12":"","bxx6_image12":"","bxx6_link12":"","bxx6_title13":"","bxx6_desc13":"","bxx6_image13":"","bxx6_link13":"","bxx6_title14":"","bxx6_desc14":"","bxx6_image14":"","bxx6_link14":"","bx7_title":"","bx7_desc":"","bx7_image":"","side_title":"","side_title0":"","side_date0":"","side_img0":"","side_link0":"","side_title1":"","side_date1":"","side_img1":"","side_link1":"","side_title2":"","side_date2":"","side_img2":"","side_link2":"","side_title3":"","side_date3":"","side_img3":"","side_link3":"","side_title4":"","side_date4":"","side_img4":"","side_link4":"","side_title5":"","side_date5":"","side_img5":"","side_link5":"","side_title6":"","side_date6":"","side_img6":"","side_link6":"","side_title7":"","side_date7":"","side_img7":"","side_link7":"","side_title8":"","side_date8":"","side_img8":"","side_link8":"","side_title9":"","side_date9":"","side_img9":"","side_link9":"","side_title10":"","side_date10":"","side_img10":"","side_link10":"","side_title11":"","side_date11":"","side_img11":"","side_link11":"","side_title12":"","side_date12":"","side_img12":"","side_link12":"","side_title13":"","side_date13":"","side_img13":"","side_link13":"","side_title14":"","side_date14":"","side_img14":"","side_link14":"","footer_title1":"","footer_title2":"","footer_desc":"","footer_menut1":"","footer_menu1":"","footer_menut2":"","footer_menu2":"","footer_slide_title0":"","footer_slide_image0":"","footer_slide_title1":"","footer_slide_image1":"","footer_slide_title2":"","footer_slide_image2":"","footer_slide_title3":"","footer_slide_image3":"","footer_slide_title4":"","footer_slide_image4":"","footer_slide_title5":"","footer_slide_image5":"","footer_slide_title6":"","footer_slide_image6":"","footer_slide_title7":"","footer_slide_image7":"","footer_slide_title8":"","footer_slide_image8":"","footer_slide_title9":"","footer_slide_image9":"","footer_slide_title10":"","footer_slide_image10":"","footer_slide_title11":"","footer_slide_image11":"","footer_slide_title12":"","footer_slide_image12":"","footer_slide_title13":"","footer_slide_image13":"","footer_slide_title14":"","footer_slide_image14":"","footer_soc_insta":"","footer_soc_twitt":"","footer_soc_faceb":"","footer_soc_teleg":"","footer_soc_linked":"","footer_soc_aprt":"","morecss":""}}}
2025-05-31 21:57:07 debug: {"setting_tadbir":{"hsite":{"header_logow":"44444","topmenu":"","index_topic_img":"","bx1_title":"","bx1_title2":"","b1_desc":"","b1_linkt":"","b1_link":"","b2_linkt":"","b2_link":"","bx1_sltitle0":"","bx1_sldesc0":"","bx1_slimg0":"","bx1_sllink0":"","bx1_sltitle1":"","bx1_sldesc1":"","bx1_slimg1":"","bx1_sllink1":"","bx1_sltitle2":"","bx1_sldesc2":"","bx1_slimg2":"","bx1_sllink2":"","bx1_sltitle3":"","bx1_sldesc3":"","bx1_slimg3":"","bx1_sllink3":"","bx1_sltitle4":"","bx1_sldesc4":"","bx1_slimg4":"","bx1_sllink4":"","bx1_sltitle5":"","bx1_sldesc5":"","bx1_slimg5":"","bx1_sllink5":"","bx1_sltitle6":"","bx1_sldesc6":"","bx1_slimg6":"","bx1_sllink6":"","bx1_sltitle7":"","bx1_sldesc7":"","bx1_slimg7":"","bx1_sllink7":"","bx1_sltitle8":"","bx1_sldesc8":"","bx1_slimg8":"","bx1_sllink8":"","bx1_sltitle9":"","bx1_sldesc9":"","bx1_slimg9":"","bx1_sllink9":"","bx1_sltitle10":"","bx1_sldesc10":"","bx1_slimg10":"","bx1_sllink10":"","bx1_sltitle11":"","bx1_sldesc11":"","bx1_slimg11":"","bx1_sllink11":"","bx1_sltitle12":"","bx1_sldesc12":"","bx1_slimg12":"","bx1_sllink12":"","bx1_sltitle13":"","bx1_sldesc13":"","bx1_slimg13":"","bx1_sllink13":"","bx1_sltitle14":"","bx1_sldesc14":"","bx1_slimg14":"","bx1_sllink14":"","bx2_title":"","bx2_desc":"","bx2_linkt":"","bx2_link":"","bx2_posts":"","bx3_title":"","bx3_desc":"","bx3_linkt":"","bx3_link":"","bxx3_num0":"","bxx3_title0":"","bxx3_desc0":"","bxx3_img0":"","bxx3_img20":"","bxx3_num1":"","bxx3_title1":"","bxx3_desc1":"","bxx3_img1":"","bxx3_img21":"","bxx3_num2":"","bxx3_title2":"","bxx3_desc2":"","bxx3_img2":"","bxx3_img22":"","bxx3_num3":"","bxx3_title3":"","bxx3_desc3":"","bxx3_img3":"","bxx3_img23":"","bxx3_num4":"","bxx3_title4":"","bxx3_desc4":"","bxx3_img4":"","bxx3_img24":"","bxx3_num5":"","bxx3_title5":"","bxx3_desc5":"","bxx3_img5":"","bxx3_img25":"","bxx3_num6":"","bxx3_title6":"","bxx3_desc6":"","bxx3_img6":"","bxx3_img26":"","bxx3_num7":"","bxx3_title7":"","bxx3_desc7":"","bxx3_img7":"","bxx3_img27":"","bxx3_num8":"","bxx3_title8":"","bxx3_desc8":"","bxx3_img8":"","bxx3_img28":"","bxx3_num9":"","bxx3_title9":"","bxx3_desc9":"","bxx3_img9":"","bxx3_img29":"","bxx3_num10":"","bxx3_title10":"","bxx3_desc10":"","bxx3_img10":"","bxx3_img210":"","bxx3_num11":"","bxx3_title11":"","bxx3_desc11":"","bxx3_img11":"","bxx3_img211":"","bxx3_num12":"","bxx3_title12":"","bxx3_desc12":"","bxx3_img12":"","bxx3_img212":"","bxx3_num13":"","bxx3_title13":"","bxx3_desc13":"","bxx3_img13":"","bxx3_img213":"","bxx3_num14":"","bxx3_title14":"","bxx3_desc14":"","bxx3_img14":"","bxx3_img214":"","bx5_title":"","bx5_desc":"","bx5_linkt":"","bx5_link":"","bx5t_tab_title0":"","bx5t_post10":"","bx5t_image10":"","bx5t_posts0":"","bx5t_posts_topic0":"","bx5t_tab_title1":"","bx5t_post11":"","bx5t_image11":"","bx5t_posts1":"","bx5t_posts_topic1":"","bx5t_tab_title2":"","bx5t_post12":"","bx5t_image12":"","bx5t_posts2":"","bx5t_posts_topic2":"","bx5t_tab_title3":"","bx5t_post13":"","bx5t_image13":"","bx5t_posts3":"","bx5t_posts_topic3":"","bx5t_tab_title4":"","bx5t_post14":"","bx5t_image14":"","bx5t_posts4":"","bx5t_posts_topic4":"","bx5t_tab_title5":"","bx5t_post15":"","bx5t_image15":"","bx5t_posts5":"","bx5t_posts_topic5":"","bx5t_tab_title6":"","bx5t_post16":"","bx5t_image16":"","bx5t_posts6":"","bx5t_posts_topic6":"","bx5t_tab_title7":"","bx5t_post17":"","bx5t_image17":"","bx5t_posts7":"","bx5t_posts_topic7":"","bx5t_tab_title8":"","bx5t_post18":"","bx5t_image18":"","bx5t_posts8":"","bx5t_posts_topic8":"","bx5t_tab_title9":"","bx5t_post19":"","bx5t_image19":"","bx5t_posts9":"","bx5t_posts_topic9":"","bx5t_tab_title10":"","bx5t_post110":"","bx5t_image110":"","bx5t_posts10":"","bx5t_posts_topic10":"","bx5t_tab_title11":"","bx5t_post111":"","bx5t_image111":"","bx5t_posts11":"","bx5t_posts_topic11":"","bx5t_tab_title12":"","bx5t_post112":"","bx5t_image112":"","bx5t_posts12":"","bx5t_posts_topic12":"","bx5t_tab_title13":"","bx5t_post113":"","bx5t_image113":"","bx5t_posts13":"","bx5t_posts_topic13":"","bx5t_tab_title14":"","bx5t_post114":"","bx5t_image114":"","bx5t_posts14":"","bx5t_posts_topic14":"","bx6_title1":"","bx6_title2":"","bx6_linkt":"","bx6_link":"","bx6_ttitle1":"","bx6_ttitle2":"","bx6_film":"","bx6_filmc":"","bxx6_title0":"","bxx6_desc0":"","bxx6_image0":"","bxx6_link0":"","bxx6_title1":"","bxx6_desc1":"","bxx6_image1":"","bxx6_link1":"","bxx6_title2":"","bxx6_desc2":"","bxx6_image2":"","bxx6_link2":"","bxx6_title3":"","bxx6_desc3":"","bxx6_image3":"","bxx6_link3":"","bxx6_title4":"","bxx6_desc4":"","bxx6_image4":"","bxx6_link4":"","bxx6_title5":"","bxx6_desc5":"","bxx6_image5":"","bxx6_link5":"","bxx6_title6":"","bxx6_desc6":"","bxx6_image6":"","bxx6_link6":"","bxx6_title7":"","bxx6_desc7":"","bxx6_image7":"","bxx6_link7":"","bxx6_title8":"","bxx6_desc8":"","bxx6_image8":"","bxx6_link8":"","bxx6_title9":"","bxx6_desc9":"","bxx6_image9":"","bxx6_link9":"","bxx6_title10":"","bxx6_desc10":"","bxx6_image10":"","bxx6_link10":"","bxx6_title11":"","bxx6_desc11":"","bxx6_image11":"","bxx6_link11":"","bxx6_title12":"","bxx6_desc12":"","bxx6_image12":"","bxx6_link12":"","bxx6_title13":"","bxx6_desc13":"","bxx6_image13":"","bxx6_link13":"","bxx6_title14":"","bxx6_desc14":"","bxx6_image14":"","bxx6_link14":"","bx7_title":"","bx7_desc":"","bx7_image":"","side_title":"","side_title0":"","side_date0":"","side_img0":"","side_link0":"","side_title1":"","side_date1":"","side_img1":"","side_link1":"","side_title2":"","side_date2":"","side_img2":"","side_link2":"","side_title3":"","side_date3":"","side_img3":"","side_link3":"","side_title4":"","side_date4":"","side_img4":"","side_link4":"","side_title5":"","side_date5":"","side_img5":"","side_link5":"","side_title6":"","side_date6":"","side_img6":"","side_link6":"","side_title7":"","side_date7":"","side_img7":"","side_link7":"","side_title8":"","side_date8":"","side_img8":"","side_link8":"","side_title9":"","side_date9":"","side_img9":"","side_link9":"","side_title10":"","side_date10":"","side_img10":"","side_link10":"","side_title11":"","side_date11":"","side_img11":"","side_link11":"","side_title12":"","side_date12":"","side_img12":"","side_link12":"","side_title13":"","side_date13":"","side_img13":"","side_link13":"","side_title14":"","side_date14":"","side_img14":"","side_link14":"","footer_title1":"","footer_title2":"","footer_desc":"","footer_menut1":"","footer_menu1":"","footer_menut2":"","footer_menu2":"","footer_slide_title0":"","footer_slide_image0":"","footer_slide_title1":"","footer_slide_image1":"","footer_slide_title2":"","footer_slide_image2":"","footer_slide_title3":"","footer_slide_image3":"","footer_slide_title4":"","footer_slide_image4":"","footer_slide_title5":"","footer_slide_image5":"","footer_slide_title6":"","footer_slide_image6":"","footer_slide_title7":"","footer_slide_image7":"","footer_slide_title8":"","footer_slide_image8":"","footer_slide_title9":"","footer_slide_image9":"","footer_slide_title10":"","footer_slide_image10":"","footer_slide_title11":"","footer_slide_image11":"","footer_slide_title12":"","footer_slide_image12":"","footer_slide_title13":"","footer_slide_image13":"","footer_slide_title14":"","footer_slide_image14":"","footer_soc_insta":"","footer_soc_twitt":"","footer_soc_faceb":"","footer_soc_teleg":"","footer_soc_linked":"","footer_soc_aprt":"","morecss":""}}}
